Arguments: 
  G:\node\node.exe C:\Users\Administrator.PC-20171130RRSF\AppData\Roaming\npm\node_modules\yarn\bin\yarn.js start

PATH: 
  C:\windows\system32;C:\windows;C:\windows\System32\Wbem;C:\windows\System32\WindowsPowerShell\v1.0\;D:\Git\cmd;G:\node\;E:\TSVN\bin;E:\SVN\bin;;C:\Program Files\Microsoft VS Code\bin;C:\Users\Administrator.PC-20171130RRSF\AppData\Roaming\npm

Yarn version: 
  1.5.1

Node version: 
  8.9.3

Platform: 
  win32 x64

npm manifest: 
  No manifest

yarn manifest: 
  No manifest

Lockfile: 
  No lockfile

Trace: 
  Error: Couldn't find a package.json file in "G:\\threeReso\\vueProject"
      at new MessageError (C:\Users\Administrator.PC-20171130RRSF\AppData\Roaming\npm\node_modules\yarn\lib\cli.js:186:110)
      at C:\Users\Administrator.PC-20171130RRSF\AppData\Roaming\npm\node_modules\yarn\lib\cli.js:40048:15
      at Generator.next (<anonymous>)
      at step (C:\Users\Administrator.PC-20171130RRSF\AppData\Roaming\npm\node_modules\yarn\lib\cli.js:98:30)
      at C:\Users\Administrator.PC-20171130RRSF\AppData\Roaming\npm\node_modules\yarn\lib\cli.js:109:13
      at <anonymous>
